[2024-07-06 15:44:27,206] {dag_processing.py:601} INFO - Processing files using up to 2 processes at a time 
[2024-07-06 15:44:27,207] {dag_processing.py:602} INFO - Process each file at most once every 30 seconds
[2024-07-06 15:44:27,207] {dag_processing.py:604} INFO - Checking for new files in /opt/airflow/dags every 300 seconds
[2024-07-06 15:44:27,208] {dag_processing.py:752} INFO - Searching for files in /opt/airflow/dags
[2024-07-06 15:44:27,237] {dag_processing.py:755} INFO - There are 1 files in /opt/airflow/dags
[2024-07-06 15:44:27,312] {dag_processing.py:1092} INFO - Finding 'running' jobs without a recent heartbeat
[2024-07-06 15:44:27,313] {dag_processing.py:1096} INFO - Failing jobs without heartbeat after 2024-07-06 15:39:27.313273+00:00
[2024-07-06 15:44:27,349] {dag_processing.py:859} INFO - 
================================================================================
DAG File Processing Stats

File Path                    PID  Runtime      # DAGs    # Errors  Last Runtime    Last Run
-------------------------  -----  ---------  --------  ----------  --------------  ----------
/opt/airflow/dags/main.py    171  0.04s             0           0
================================================================================
[2024-07-06 15:44:37,365] {dag_processing.py:1092} INFO - Finding 'running' jobs without a recent heartbeat
[2024-07-06 15:44:37,366] {dag_processing.py:1096} INFO - Failing jobs without heartbeat after 2024-07-06 15:39:37.366546+00:00
[2024-07-06 15:44:47,389] {dag_processing.py:1092} INFO - Finding 'running' jobs without a recent heartbeat
[2024-07-06 15:44:47,393] {dag_processing.py:1096} INFO - Failing jobs without heartbeat after 2024-07-06 15:39:47.393142+00:00
[2024-07-06 15:44:57,427] {dag_processing.py:1092} INFO - Finding 'running' jobs without a recent heartbeat
[2024-07-06 15:44:57,428] {dag_processing.py:1096} INFO - Failing jobs without heartbeat after 2024-07-06 15:39:57.428390+00:00
[2024-07-06 15:44:57,438] {dag_processing.py:859} INFO - 
================================================================================
DAG File Processing Stats

File Path                  PID    Runtime      # DAGs    # Errors  Last Runtime    Last Run
-------------------------  -----  ---------  --------  ----------  --------------  -------------------
/opt/airflow/dags/main.py                           1           0  0.44s           2024-07-06T15:44:27
================================================================================
[2024-07-06 15:45:07,823] {dag_processing.py:1092} INFO - Finding 'running' jobs without a recent heartbeat
[2024-07-06 15:45:07,825] {dag_processing.py:1096} INFO - Failing jobs without heartbeat after 2024-07-06 15:40:07.825851+00:00
[2024-07-06 15:45:17,867] {dag_processing.py:1092} INFO - Finding 'running' jobs without a recent heartbeat
[2024-07-06 15:45:17,867] {dag_processing.py:1096} INFO - Failing jobs without heartbeat after 2024-07-06 15:40:17.867726+00:00
[2024-07-06 15:45:27,896] {dag_processing.py:1092} INFO - Finding 'running' jobs without a recent heartbeat
[2024-07-06 15:45:27,897] {dag_processing.py:1096} INFO - Failing jobs without heartbeat after 2024-07-06 15:40:27.897182+00:00
[2024-07-06 15:45:27,904] {dag_processing.py:859} INFO - 
================================================================================
DAG File Processing Stats

File Path                  PID    Runtime      # DAGs    # Errors  Last Runtime    Last Run
-------------------------  -----  ---------  --------  ----------  --------------  -------------------
/opt/airflow/dags/main.py                           1           0  0.23s           2024-07-06T15:44:58
================================================================================
[2024-07-06 15:45:38,095] {dag_processing.py:1092} INFO - Finding 'running' jobs without a recent heartbeat
[2024-07-06 15:45:38,096] {dag_processing.py:1096} INFO - Failing jobs without heartbeat after 2024-07-06 15:40:38.096826+00:00
[2024-07-06 15:45:48,124] {dag_processing.py:1092} INFO - Finding 'running' jobs without a recent heartbeat
[2024-07-06 15:45:48,125] {dag_processing.py:1096} INFO - Failing jobs without heartbeat after 2024-07-06 15:40:48.125154+00:00
[2024-07-06 15:45:58,153] {dag_processing.py:1092} INFO - Finding 'running' jobs without a recent heartbeat
[2024-07-06 15:45:58,154] {dag_processing.py:1096} INFO - Failing jobs without heartbeat after 2024-07-06 15:40:58.154766+00:00
[2024-07-06 15:45:58,160] {dag_processing.py:859} INFO - 
================================================================================
DAG File Processing Stats

File Path                  PID    Runtime      # DAGs    # Errors  Last Runtime    Last Run
-------------------------  -----  ---------  --------  ----------  --------------  -------------------
/opt/airflow/dags/main.py                           1           0  0.34s           2024-07-06T15:45:28
================================================================================
[2024-07-06 15:46:08,491] {dag_processing.py:1092} INFO - Finding 'running' jobs without a recent heartbeat
[2024-07-06 15:46:08,492] {dag_processing.py:1096} INFO - Failing jobs without heartbeat after 2024-07-06 15:41:08.492277+00:00
[2024-07-06 15:46:18,520] {dag_processing.py:1092} INFO - Finding 'running' jobs without a recent heartbeat
[2024-07-06 15:46:18,522] {dag_processing.py:1096} INFO - Failing jobs without heartbeat after 2024-07-06 15:41:18.522075+00:00
[2024-07-06 15:46:28,551] {dag_processing.py:1092} INFO - Finding 'running' jobs without a recent heartbeat
[2024-07-06 15:46:28,552] {dag_processing.py:1096} INFO - Failing jobs without heartbeat after 2024-07-06 15:41:28.552387+00:00
[2024-07-06 15:46:28,559] {dag_processing.py:859} INFO - 
================================================================================
DAG File Processing Stats

File Path                  PID    Runtime      # DAGs    # Errors  Last Runtime    Last Run
-------------------------  -----  ---------  --------  ----------  --------------  -------------------
/opt/airflow/dags/main.py                           1           0  0.22s           2024-07-06T15:45:58
================================================================================
[2024-07-06 15:46:38,758] {dag_processing.py:1092} INFO - Finding 'running' jobs without a recent heartbeat
[2024-07-06 15:46:38,759] {dag_processing.py:1096} INFO - Failing jobs without heartbeat after 2024-07-06 15:41:38.759186+00:00
[2024-07-06 15:46:48,785] {dag_processing.py:1092} INFO - Finding 'running' jobs without a recent heartbeat
[2024-07-06 15:46:48,785] {dag_processing.py:1096} INFO - Failing jobs without heartbeat after 2024-07-06 15:41:48.785836+00:00
[2024-07-06 15:46:58,810] {dag_processing.py:1092} INFO - Finding 'running' jobs without a recent heartbeat
[2024-07-06 15:46:58,811] {dag_processing.py:1096} INFO - Failing jobs without heartbeat after 2024-07-06 15:41:58.811559+00:00
[2024-07-06 15:46:58,818] {dag_processing.py:859} INFO - 
================================================================================
DAG File Processing Stats

File Path                  PID    Runtime      # DAGs    # Errors  Last Runtime    Last Run
-------------------------  -----  ---------  --------  ----------  --------------  -------------------
/opt/airflow/dags/main.py                           1           0  0.26s           2024-07-06T15:46:28
================================================================================
[2024-07-06 15:47:09,066] {dag_processing.py:1092} INFO - Finding 'running' jobs without a recent heartbeat
[2024-07-06 15:47:09,067] {dag_processing.py:1096} INFO - Failing jobs without heartbeat after 2024-07-06 15:42:09.067900+00:00
[2024-07-06 15:47:19,096] {dag_processing.py:1092} INFO - Finding 'running' jobs without a recent heartbeat
[2024-07-06 15:47:19,096] {dag_processing.py:1096} INFO - Failing jobs without heartbeat after 2024-07-06 15:42:19.096828+00:00
[2024-07-06 15:47:29,123] {dag_processing.py:1092} INFO - Finding 'running' jobs without a recent heartbeat
[2024-07-06 15:47:29,124] {dag_processing.py:1096} INFO - Failing jobs without heartbeat after 2024-07-06 15:42:29.124196+00:00
[2024-07-06 15:47:29,130] {dag_processing.py:859} INFO - 
================================================================================
DAG File Processing Stats

File Path                  PID    Runtime      # DAGs    # Errors  Last Runtime    Last Run
-------------------------  -----  ---------  --------  ----------  --------------  -------------------
/opt/airflow/dags/main.py                           1           0  0.30s           2024-07-06T15:46:59
================================================================================
[2024-07-06 15:47:39,406] {dag_processing.py:1092} INFO - Finding 'running' jobs without a recent heartbeat
[2024-07-06 15:47:39,407] {dag_processing.py:1096} INFO - Failing jobs without heartbeat after 2024-07-06 15:42:39.407578+00:00
[2024-07-06 15:47:49,442] {dag_processing.py:1092} INFO - Finding 'running' jobs without a recent heartbeat
[2024-07-06 15:47:49,442] {dag_processing.py:1096} INFO - Failing jobs without heartbeat after 2024-07-06 15:42:49.442893+00:00
[2024-07-06 15:47:59,469] {dag_processing.py:1092} INFO - Finding 'running' jobs without a recent heartbeat
[2024-07-06 15:47:59,470] {dag_processing.py:1096} INFO - Failing jobs without heartbeat after 2024-07-06 15:42:59.470516+00:00
[2024-07-06 15:47:59,477] {dag_processing.py:859} INFO - 
================================================================================
DAG File Processing Stats

File Path                  PID    Runtime      # DAGs    # Errors  Last Runtime    Last Run
-------------------------  -----  ---------  --------  ----------  --------------  -------------------
/opt/airflow/dags/main.py                           1           0  0.30s           2024-07-06T15:47:29
================================================================================
[2024-07-06 15:48:09,744] {dag_processing.py:1092} INFO - Finding 'running' jobs without a recent heartbeat
[2024-07-06 15:48:09,745] {dag_processing.py:1096} INFO - Failing jobs without heartbeat after 2024-07-06 15:43:09.745184+00:00
[2024-07-06 15:48:19,775] {dag_processing.py:1092} INFO - Finding 'running' jobs without a recent heartbeat
[2024-07-06 15:48:19,776] {dag_processing.py:1096} INFO - Failing jobs without heartbeat after 2024-07-06 15:43:19.776263+00:00
[2024-07-06 15:48:29,803] {dag_processing.py:1092} INFO - Finding 'running' jobs without a recent heartbeat
[2024-07-06 15:48:29,804] {dag_processing.py:1096} INFO - Failing jobs without heartbeat after 2024-07-06 15:43:29.804236+00:00
[2024-07-06 15:48:29,809] {dag_processing.py:859} INFO - 
================================================================================
DAG File Processing Stats

File Path                  PID    Runtime      # DAGs    # Errors  Last Runtime    Last Run
-------------------------  -----  ---------  --------  ----------  --------------  -------------------
/opt/airflow/dags/main.py                           1           0  0.22s           2024-07-06T15:47:59
================================================================================
[2024-07-06 15:48:40,009] {dag_processing.py:1092} INFO - Finding 'running' jobs without a recent heartbeat
[2024-07-06 15:48:40,010] {dag_processing.py:1096} INFO - Failing jobs without heartbeat after 2024-07-06 15:43:40.010741+00:00
[2024-07-06 15:48:50,040] {dag_processing.py:1092} INFO - Finding 'running' jobs without a recent heartbeat
[2024-07-06 15:48:50,041] {dag_processing.py:1096} INFO - Failing jobs without heartbeat after 2024-07-06 15:43:50.041812+00:00
[2024-07-06 15:49:00,079] {dag_processing.py:1092} INFO - Finding 'running' jobs without a recent heartbeat
[2024-07-06 15:49:00,080] {dag_processing.py:1096} INFO - Failing jobs without heartbeat after 2024-07-06 15:44:00.080351+00:00
[2024-07-06 15:49:00,087] {dag_processing.py:859} INFO - 
================================================================================
DAG File Processing Stats

File Path                  PID    Runtime      # DAGs    # Errors  Last Runtime    Last Run
-------------------------  -----  ---------  --------  ----------  --------------  -------------------
/opt/airflow/dags/main.py                           1           0  0.22s           2024-07-06T15:48:30
================================================================================
[2024-07-06 15:49:10,274] {dag_processing.py:1092} INFO - Finding 'running' jobs without a recent heartbeat
[2024-07-06 15:49:10,274] {dag_processing.py:1096} INFO - Failing jobs without heartbeat after 2024-07-06 15:44:10.274859+00:00
[2024-07-06 15:49:20,302] {dag_processing.py:1092} INFO - Finding 'running' jobs without a recent heartbeat
[2024-07-06 15:49:20,303] {dag_processing.py:1096} INFO - Failing jobs without heartbeat after 2024-07-06 15:44:20.303123+00:00
[2024-07-06 15:49:27,323] {dag_processing.py:752} INFO - Searching for files in /opt/airflow/dags
[2024-07-06 15:49:27,359] {dag_processing.py:755} INFO - There are 1 files in /opt/airflow/dags
[2024-07-06 15:49:30,396] {dag_processing.py:1092} INFO - Finding 'running' jobs without a recent heartbeat
[2024-07-06 15:49:30,397] {dag_processing.py:1096} INFO - Failing jobs without heartbeat after 2024-07-06 15:44:30.397632+00:00
[2024-07-06 15:49:30,403] {dag_processing.py:859} INFO - 
================================================================================
DAG File Processing Stats

File Path                  PID    Runtime      # DAGs    # Errors  Last Runtime    Last Run
-------------------------  -----  ---------  --------  ----------  --------------  -------------------
/opt/airflow/dags/main.py                           1           0  0.24s           2024-07-06T15:49:00
================================================================================
[2024-07-06 15:49:40,554] {dag_processing.py:1092} INFO - Finding 'running' jobs without a recent heartbeat
[2024-07-06 15:49:40,554] {dag_processing.py:1096} INFO - Failing jobs without heartbeat after 2024-07-06 15:44:40.554832+00:00
[2024-07-06 15:49:50,579] {dag_processing.py:1092} INFO - Finding 'running' jobs without a recent heartbeat
[2024-07-06 15:49:50,580] {dag_processing.py:1096} INFO - Failing jobs without heartbeat after 2024-07-06 15:44:50.580457+00:00
[2024-07-06 15:50:00,605] {dag_processing.py:1092} INFO - Finding 'running' jobs without a recent heartbeat
[2024-07-06 15:50:00,606] {dag_processing.py:1096} INFO - Failing jobs without heartbeat after 2024-07-06 15:45:00.606285+00:00
[2024-07-06 15:50:00,612] {dag_processing.py:859} INFO - 
================================================================================
DAG File Processing Stats

File Path                  PID    Runtime      # DAGs    # Errors  Last Runtime    Last Run
-------------------------  -----  ---------  --------  ----------  --------------  -------------------
/opt/airflow/dags/main.py                           1           0  0.33s           2024-07-06T15:49:30
================================================================================
[2024-07-06 15:50:10,933] {dag_processing.py:1092} INFO - Finding 'running' jobs without a recent heartbeat
[2024-07-06 15:50:10,934] {dag_processing.py:1096} INFO - Failing jobs without heartbeat after 2024-07-06 15:45:10.934033+00:00
[2024-07-06 15:50:20,961] {dag_processing.py:1092} INFO - Finding 'running' jobs without a recent heartbeat
[2024-07-06 15:50:20,961] {dag_processing.py:1096} INFO - Failing jobs without heartbeat after 2024-07-06 15:45:20.961752+00:00
[2024-07-06 15:50:30,992] {dag_processing.py:1092} INFO - Finding 'running' jobs without a recent heartbeat
[2024-07-06 15:50:30,993] {dag_processing.py:1096} INFO - Failing jobs without heartbeat after 2024-07-06 15:45:30.992975+00:00
[2024-07-06 15:50:31,000] {dag_processing.py:859} INFO - 
================================================================================
DAG File Processing Stats

File Path                  PID    Runtime      # DAGs    # Errors  Last Runtime    Last Run
-------------------------  -----  ---------  --------  ----------  --------------  -------------------
/opt/airflow/dags/main.py                           1           0  0.25s           2024-07-06T15:50:01
================================================================================
[2024-07-06 15:50:41,230] {dag_processing.py:1092} INFO - Finding 'running' jobs without a recent heartbeat
[2024-07-06 15:50:41,230] {dag_processing.py:1096} INFO - Failing jobs without heartbeat after 2024-07-06 15:45:41.230855+00:00
[2024-07-06 15:50:51,261] {dag_processing.py:1092} INFO - Finding 'running' jobs without a recent heartbeat
[2024-07-06 15:50:51,261] {dag_processing.py:1096} INFO - Failing jobs without heartbeat after 2024-07-06 15:45:51.261952+00:00
[2024-07-06 15:51:01,288] {dag_processing.py:1092} INFO - Finding 'running' jobs without a recent heartbeat
[2024-07-06 15:51:01,289] {dag_processing.py:1096} INFO - Failing jobs without heartbeat after 2024-07-06 15:46:01.289537+00:00
[2024-07-06 15:51:01,296] {dag_processing.py:859} INFO - 
================================================================================
DAG File Processing Stats

File Path                  PID    Runtime      # DAGs    # Errors  Last Runtime    Last Run
-------------------------  -----  ---------  --------  ----------  --------------  -------------------
/opt/airflow/dags/main.py                           1           0  0.23s           2024-07-06T15:50:31
================================================================================
[2024-07-06 15:51:11,503] {dag_processing.py:1092} INFO - Finding 'running' jobs without a recent heartbeat
[2024-07-06 15:51:11,504] {dag_processing.py:1096} INFO - Failing jobs without heartbeat after 2024-07-06 15:46:11.504631+00:00
[2024-07-06 15:51:21,530] {dag_processing.py:1092} INFO - Finding 'running' jobs without a recent heartbeat
[2024-07-06 15:51:21,531] {dag_processing.py:1096} INFO - Failing jobs without heartbeat after 2024-07-06 15:46:21.531055+00:00
[2024-07-06 15:51:31,554] {dag_processing.py:1092} INFO - Finding 'running' jobs without a recent heartbeat
[2024-07-06 15:51:31,554] {dag_processing.py:1096} INFO - Failing jobs without heartbeat after 2024-07-06 15:46:31.554703+00:00
[2024-07-06 15:51:31,560] {dag_processing.py:859} INFO - 
================================================================================
DAG File Processing Stats

File Path                  PID    Runtime      # DAGs    # Errors  Last Runtime    Last Run
-------------------------  -----  ---------  --------  ----------  --------------  -------------------
/opt/airflow/dags/main.py                           1           0  0.26s           2024-07-06T15:51:01
================================================================================
[2024-07-06 15:51:41,804] {dag_processing.py:1092} INFO - Finding 'running' jobs without a recent heartbeat
[2024-07-06 15:51:41,805] {dag_processing.py:1096} INFO - Failing jobs without heartbeat after 2024-07-06 15:46:41.805061+00:00
[2024-07-06 15:51:51,833] {dag_processing.py:1092} INFO - Finding 'running' jobs without a recent heartbeat
[2024-07-06 15:51:51,834] {dag_processing.py:1096} INFO - Failing jobs without heartbeat after 2024-07-06 15:46:51.834365+00:00
[2024-07-06 15:52:01,863] {dag_processing.py:1092} INFO - Finding 'running' jobs without a recent heartbeat
[2024-07-06 15:52:01,864] {dag_processing.py:1096} INFO - Failing jobs without heartbeat after 2024-07-06 15:47:01.864649+00:00
[2024-07-06 15:52:01,871] {dag_processing.py:859} INFO - 
================================================================================
DAG File Processing Stats

File Path                  PID    Runtime      # DAGs    # Errors  Last Runtime    Last Run
-------------------------  -----  ---------  --------  ----------  --------------  -------------------
/opt/airflow/dags/main.py                           1           0  0.24s           2024-07-06T15:51:32
================================================================================
[2024-07-06 15:52:12,086] {dag_processing.py:1092} INFO - Finding 'running' jobs without a recent heartbeat
[2024-07-06 15:52:12,087] {dag_processing.py:1096} INFO - Failing jobs without heartbeat after 2024-07-06 15:47:12.087343+00:00
[2024-07-06 15:52:22,113] {dag_processing.py:1092} INFO - Finding 'running' jobs without a recent heartbeat
[2024-07-06 15:52:22,114] {dag_processing.py:1096} INFO - Failing jobs without heartbeat after 2024-07-06 15:47:22.114458+00:00
[2024-07-06 15:52:32,139] {dag_processing.py:1092} INFO - Finding 'running' jobs without a recent heartbeat
[2024-07-06 15:52:32,140] {dag_processing.py:1096} INFO - Failing jobs without heartbeat after 2024-07-06 15:47:32.140400+00:00
[2024-07-06 15:52:32,147] {dag_processing.py:859} INFO - 
================================================================================
DAG File Processing Stats

File Path                  PID    Runtime      # DAGs    # Errors  Last Runtime    Last Run
-------------------------  -----  ---------  --------  ----------  --------------  -------------------
/opt/airflow/dags/main.py                           1           0  0.23s           2024-07-06T15:52:02
================================================================================
[2024-07-06 15:52:42,358] {dag_processing.py:1092} INFO - Finding 'running' jobs without a recent heartbeat
[2024-07-06 15:52:42,359] {dag_processing.py:1096} INFO - Failing jobs without heartbeat after 2024-07-06 15:47:42.358971+00:00
[2024-07-06 15:52:52,386] {dag_processing.py:1092} INFO - Finding 'running' jobs without a recent heartbeat
[2024-07-06 15:52:52,387] {dag_processing.py:1096} INFO - Failing jobs without heartbeat after 2024-07-06 15:47:52.387197+00:00
[2024-07-06 15:53:02,412] {dag_processing.py:1092} INFO - Finding 'running' jobs without a recent heartbeat
[2024-07-06 15:53:02,413] {dag_processing.py:1096} INFO - Failing jobs without heartbeat after 2024-07-06 15:48:02.412940+00:00
[2024-07-06 15:53:02,419] {dag_processing.py:859} INFO - 
================================================================================
DAG File Processing Stats

File Path                  PID    Runtime      # DAGs    # Errors  Last Runtime    Last Run
-------------------------  -----  ---------  --------  ----------  --------------  -------------------
/opt/airflow/dags/main.py                           1           0  0.27s           2024-07-06T15:52:32
================================================================================
[2024-07-06 15:53:12,668] {dag_processing.py:1092} INFO - Finding 'running' jobs without a recent heartbeat
[2024-07-06 15:53:12,669] {dag_processing.py:1096} INFO - Failing jobs without heartbeat after 2024-07-06 15:48:12.669751+00:00
[2024-07-06 15:53:22,703] {dag_processing.py:1092} INFO - Finding 'running' jobs without a recent heartbeat
[2024-07-06 15:53:22,704] {dag_processing.py:1096} INFO - Failing jobs without heartbeat after 2024-07-06 15:48:22.704160+00:00
[2024-07-06 15:53:32,730] {dag_processing.py:1092} INFO - Finding 'running' jobs without a recent heartbeat
[2024-07-06 15:53:32,731] {dag_processing.py:1096} INFO - Failing jobs without heartbeat after 2024-07-06 15:48:32.731216+00:00
[2024-07-06 15:53:32,738] {dag_processing.py:859} INFO - 
================================================================================
DAG File Processing Stats

File Path                  PID    Runtime      # DAGs    # Errors  Last Runtime    Last Run
-------------------------  -----  ---------  --------  ----------  --------------  -------------------
/opt/airflow/dags/main.py                           1           0  0.22s           2024-07-06T15:53:02
================================================================================
[2024-07-06 15:53:42,930] {dag_processing.py:1092} INFO - Finding 'running' jobs without a recent heartbeat
[2024-07-06 15:53:42,931] {dag_processing.py:1096} INFO - Failing jobs without heartbeat after 2024-07-06 15:48:42.930960+00:00
[2024-07-06 15:53:52,958] {dag_processing.py:1092} INFO - Finding 'running' jobs without a recent heartbeat
[2024-07-06 15:53:52,960] {dag_processing.py:1096} INFO - Failing jobs without heartbeat after 2024-07-06 15:48:52.959928+00:00
[2024-07-06 15:54:02,984] {dag_processing.py:1092} INFO - Finding 'running' jobs without a recent heartbeat
[2024-07-06 15:54:02,984] {dag_processing.py:1096} INFO - Failing jobs without heartbeat after 2024-07-06 15:49:02.984894+00:00
[2024-07-06 15:54:02,992] {dag_processing.py:859} INFO - 
================================================================================
DAG File Processing Stats

File Path                  PID    Runtime      # DAGs    # Errors  Last Runtime    Last Run
-------------------------  -----  ---------  --------  ----------  --------------  -------------------
/opt/airflow/dags/main.py                           1           0  0.23s           2024-07-06T15:53:33
================================================================================
[2024-07-06 15:54:13,205] {dag_processing.py:1092} INFO - Finding 'running' jobs without a recent heartbeat
[2024-07-06 15:54:13,206] {dag_processing.py:1096} INFO - Failing jobs without heartbeat after 2024-07-06 15:49:13.206592+00:00
[2024-07-06 15:54:23,235] {dag_processing.py:1092} INFO - Finding 'running' jobs without a recent heartbeat
[2024-07-06 15:54:23,235] {dag_processing.py:1096} INFO - Failing jobs without heartbeat after 2024-07-06 15:49:23.235795+00:00
[2024-07-06 15:54:27,521] {dag_processing.py:752} INFO - Searching for files in /opt/airflow/dags
[2024-07-06 15:54:27,553] {dag_processing.py:755} INFO - There are 1 files in /opt/airflow/dags
[2024-07-06 15:54:33,262] {dag_processing.py:1092} INFO - Finding 'running' jobs without a recent heartbeat
[2024-07-06 15:54:33,263] {dag_processing.py:1096} INFO - Failing jobs without heartbeat after 2024-07-06 15:49:33.263669+00:00
[2024-07-06 15:54:33,274] {dag_processing.py:859} INFO - 
================================================================================
DAG File Processing Stats

File Path                  PID    Runtime      # DAGs    # Errors  Last Runtime    Last Run
-------------------------  -----  ---------  --------  ----------  --------------  -------------------
/opt/airflow/dags/main.py                           1           0  0.31s           2024-07-06T15:54:03
================================================================================
[2024-07-06 15:54:38,657] {dag_processing.py:582} INFO - Exiting gracefully upon receiving signal 15
